Traceback (most recent call last):
  File "/Users/eunhyechoe/anaconda3/envs/book/lib/python3.9/site-packages/jupyter_cache/executors/utils.py", line 58, in single_nb_execution
    executenb(
  File "/Users/eunhyechoe/anaconda3/envs/book/lib/python3.9/site-packages/nbclient/client.py", line 1314, in execute
    return NotebookClient(nb=nb, resources=resources, km=km, **kwargs).execute()
  File "/Users/eunhyechoe/anaconda3/envs/book/lib/python3.9/site-packages/jupyter_core/utils/__init__.py", line 165, in wrapped
    return loop.run_until_complete(inner)
  File "/Users/eunhyechoe/anaconda3/envs/book/lib/python3.9/asyncio/base_events.py", line 647, in run_until_complete
    return future.result()
  File "/Users/eunhyechoe/anaconda3/envs/book/lib/python3.9/site-packages/nbclient/client.py", line 709, in async_execute
    await self.async_execute_cell(
  File "/Users/eunhyechoe/anaconda3/envs/book/lib/python3.9/site-packages/nbclient/client.py", line 1062, in async_execute_cell
    await self._check_raise_for_error(cell, cell_index, exec_reply)
  File "/Users/eunhyechoe/anaconda3/envs/book/lib/python3.9/site-packages/nbclient/client.py", line 918, in _check_raise_for_error
    raise CellExecutionError.from_cell_and_msg(cell, exec_reply_content)
nbclient.exceptions.CellExecutionError: An error occurred while executing the following cell:
------------------
# import libraries
import numpy as np
import neuroboros as nb
import matplotlib.pyplot as plt
from scipy.spatial.distance import pdist
from scipy.stats import pearsonr, zscore
------------------


[0;31m---------------------------------------------------------------------------[0m
[0;31mTypeError[0m                                 Traceback (most recent call last)
Cell [0;32mIn[2], line 3[0m
[1;32m      1[0m [38;5;66;03m# import libraries[39;00m
[1;32m      2[0m [38;5;28;01mimport[39;00m [38;5;21;01mnumpy[39;00m [38;5;28;01mas[39;00m [38;5;21;01mnp[39;00m
[0;32m----> 3[0m [38;5;28;01mimport[39;00m [38;5;21;01mneuroboros[39;00m [38;5;28;01mas[39;00m [38;5;21;01mnb[39;00m
[1;32m      4[0m [38;5;28;01mimport[39;00m [38;5;21;01mmatplotlib[39;00m[38;5;21;01m.[39;00m[38;5;21;01mpyplot[39;00m [38;5;28;01mas[39;00m [38;5;21;01mplt[39;00m
[1;32m      5[0m [38;5;28;01mfrom[39;00m [38;5;21;01mscipy[39;00m[38;5;21;01m.[39;00m[38;5;21;01mspatial[39;00m[38;5;21;01m.[39;00m[38;5;21;01mdistance[39;00m [38;5;28;01mimport[39;00m pdist

File [0;32m~/anaconda3/envs/book/lib/python3.9/site-packages/neuroboros/__init__.py:9[0m
[1;32m      1[0m [38;5;124;03m"""[39;00m
[1;32m      2[0m [38;5;124;03m==============================[39;00m
[1;32m      3[0m [38;5;124;03mNeuroboros (:mod:`neuroboros`)[39;00m
[1;32m      4[0m [38;5;124;03m==============================[39;00m
[1;32m      5[0m 
[1;32m      6[0m [38;5;124;03m"""[39;00m
[1;32m      8[0m [38;5;28;01mfrom[39;00m [38;5;21;01m.[39;00m [38;5;28;01mimport[39;00m linalg [38;5;28;01mas[39;00m linalg
[0;32m----> 9[0m [38;5;28;01mfrom[39;00m [38;5;21;01m.[39;00m [38;5;28;01mimport[39;00m stats [38;5;28;01mas[39;00m stats
[1;32m     10[0m [38;5;28;01mfrom[39;00m [38;5;21;01m.[39;00m [38;5;28;01mimport[39;00m surface [38;5;28;01mas[39;00m surface
[1;32m     11[0m [38;5;28;01mfrom[39;00m [38;5;21;01m.[39;00m[38;5;21;01m_version[39;00m [38;5;28;01mimport[39;00m __version__, __version_tuple__

File [0;32m~/anaconda3/envs/book/lib/python3.9/site-packages/neuroboros/stats.py:2[0m
[1;32m      1[0m [38;5;28;01mimport[39;00m [38;5;21;01mnumpy[39;00m [38;5;28;01mas[39;00m [38;5;21;01mnp[39;00m
[0;32m----> 2[0m [38;5;28;01mfrom[39;00m [38;5;21;01mscipy[39;00m[38;5;21;01m.[39;00m[38;5;21;01mstats[39;00m [38;5;28;01mimport[39;00m f, norm, rankdata, zscore
[1;32m      5[0m [38;5;28;01mdef[39;00m [38;5;21mcronbach_alpha_ci[39m(alpha, n, m, ci):
[1;32m      6[0m [38;5;250m    [39m[38;5;124;03m"""Confidence interval for Cronbach's alpha.[39;00m
[1;32m      7[0m 
[1;32m      8[0m [38;5;124;03m    Parameters[39;00m
[0;32m   (...)[0m
[1;32m     30[0m 
[1;32m     31[0m [38;5;124;03m    """[39;00m

File [0;32m~/anaconda3/envs/book/lib/python3.9/site-packages/scipy/stats/__init__.py:606[0m
[1;32m      1[0m [38;5;124;03m"""[39;00m
[1;32m      2[0m [38;5;124;03m.. _statsrefmanual:[39;00m
[1;32m      3[0m 
[0;32m   (...)[0m
[1;32m    601[0m 
[1;32m    602[0m [38;5;124;03m"""[39;00m  [38;5;66;03m# noqa: E501[39;00m
[1;32m    604[0m [38;5;28;01mfrom[39;00m [38;5;21;01m.[39;00m[38;5;21;01m_warnings_errors[39;00m [38;5;28;01mimport[39;00m (ConstantInputWarning, NearConstantInputWarning,
[1;32m    605[0m                                DegenerateDataWarning, FitError)
[0;32m--> 606[0m [38;5;28;01mfrom[39;00m [38;5;21;01m.[39;00m[38;5;21;01m_stats_py[39;00m [38;5;28;01mimport[39;00m [38;5;241m*[39m
[1;32m    607[0m [38;5;28;01mfrom[39;00m [38;5;21;01m.[39;00m[38;5;21;01m_variation[39;00m [38;5;28;01mimport[39;00m variation
[1;32m    608[0m [38;5;28;01mfrom[39;00m [38;5;21;01m.[39;00m[38;5;21;01mdistributions[39;00m [38;5;28;01mimport[39;00m [38;5;241m*[39m

File [0;32m~/anaconda3/envs/book/lib/python3.9/site-packages/scipy/stats/_stats_py.py:49[0m
[1;32m     47[0m [38;5;28;01mimport[39;00m [38;5;21;01mscipy[39;00m[38;5;21;01m.[39;00m[38;5;21;01mspecial[39;00m [38;5;28;01mas[39;00m [38;5;21;01mspecial[39;00m
[1;32m     48[0m [38;5;28;01mfrom[39;00m [38;5;21;01mscipy[39;00m [38;5;28;01mimport[39;00m linalg
[0;32m---> 49[0m [38;5;28;01mfrom[39;00m [38;5;21;01m.[39;00m [38;5;28;01mimport[39;00m distributions
[1;32m     50[0m [38;5;28;01mfrom[39;00m [38;5;21;01m.[39;00m [38;5;28;01mimport[39;00m _mstats_basic [38;5;28;01mas[39;00m mstats_basic
[1;32m     51[0m [38;5;28;01mfrom[39;00m [38;5;21;01m.[39;00m[38;5;21;01m_stats_mstats_common[39;00m [38;5;28;01mimport[39;00m (_find_repeats, linregress, theilslopes,
[1;32m     52[0m                                    siegelslopes)

File [0;32m~/anaconda3/envs/book/lib/python3.9/site-packages/scipy/stats/distributions.py:11[0m
[1;32m      8[0m [38;5;28;01mfrom[39;00m [38;5;21;01m.[39;00m[38;5;21;01m_distn_infrastructure[39;00m [38;5;28;01mimport[39;00m (rv_discrete, rv_continuous, rv_frozen)  [38;5;66;03m# noqa: F401[39;00m
[1;32m     10[0m [38;5;28;01mfrom[39;00m [38;5;21;01m.[39;00m [38;5;28;01mimport[39;00m _continuous_distns
[0;32m---> 11[0m [38;5;28;01mfrom[39;00m [38;5;21;01m.[39;00m [38;5;28;01mimport[39;00m _discrete_distns
[1;32m     13[0m [38;5;28;01mfrom[39;00m [38;5;21;01m.[39;00m[38;5;21;01m_continuous_distns[39;00m [38;5;28;01mimport[39;00m [38;5;241m*[39m  [38;5;66;03m# noqa: F403[39;00m
[1;32m     14[0m [38;5;28;01mfrom[39;00m [38;5;21;01m.[39;00m[38;5;21;01m_levy_stable[39;00m [38;5;28;01mimport[39;00m levy_stable

File [0;32m~/anaconda3/envs/book/lib/python3.9/site-packages/scipy/stats/_discrete_distns.py:10[0m
[1;32m      8[0m [38;5;28;01mfrom[39;00m [38;5;21;01mscipy[39;00m[38;5;21;01m.[39;00m[38;5;21;01mspecial[39;00m [38;5;28;01mimport[39;00m entr, logsumexp, betaln, gammaln [38;5;28;01mas[39;00m gamln, zeta
[1;32m      9[0m [38;5;28;01mfrom[39;00m [38;5;21;01mscipy[39;00m[38;5;21;01m.[39;00m[38;5;21;01m_lib[39;00m[38;5;21;01m.[39;00m[38;5;21;01m_util[39;00m [38;5;28;01mimport[39;00m _lazywhere, rng_integers
[0;32m---> 10[0m [38;5;28;01mfrom[39;00m [38;5;21;01mscipy[39;00m[38;5;21;01m.[39;00m[38;5;21;01minterpolate[39;00m [38;5;28;01mimport[39;00m interp1d
[1;32m     12[0m [38;5;28;01mfrom[39;00m [38;5;21;01mnumpy[39;00m [38;5;28;01mimport[39;00m floor, ceil, log, exp, sqrt, log1p, expm1, tanh, cosh, sinh
[1;32m     14[0m [38;5;28;01mimport[39;00m [38;5;21;01mnumpy[39;00m [38;5;28;01mas[39;00m [38;5;21;01mnp[39;00m

File [0;32m~/anaconda3/envs/book/lib/python3.9/site-packages/scipy/interpolate/__init__.py:167[0m
[1;32m      1[0m [38;5;124;03m"""[39;00m
[1;32m      2[0m [38;5;124;03m========================================[39;00m
[1;32m      3[0m [38;5;124;03mInterpolation (:mod:`scipy.interpolate`)[39;00m
[0;32m   (...)[0m
[1;32m    165[0m [38;5;124;03m(should not be used in new code).[39;00m
[1;32m    166[0m [38;5;124;03m"""[39;00m
[0;32m--> 167[0m [38;5;28;01mfrom[39;00m [38;5;21;01m.[39;00m[38;5;21;01m_interpolate[39;00m [38;5;28;01mimport[39;00m [38;5;241m*[39m
[1;32m    168[0m [38;5;28;01mfrom[39;00m [38;5;21;01m.[39;00m[38;5;21;01m_fitpack_py[39;00m [38;5;28;01mimport[39;00m [38;5;241m*[39m
[1;32m    170[0m [38;5;66;03m# New interface to fitpack library:[39;00m

File [0;32m~/anaconda3/envs/book/lib/python3.9/site-packages/scipy/interpolate/_interpolate.py:14[0m
[1;32m     11[0m [38;5;28;01mfrom[39;00m [38;5;21;01mscipy[39;00m[38;5;21;01m.[39;00m[38;5;21;01m_lib[39;00m[38;5;21;01m.[39;00m[38;5;21;01m_util[39;00m [38;5;28;01mimport[39;00m copy_if_needed
[1;32m     12[0m [38;5;28;01mfrom[39;00m [38;5;21;01mscipy[39;00m[38;5;21;01m.[39;00m[38;5;21;01mspecial[39;00m [38;5;28;01mimport[39;00m comb
[0;32m---> 14[0m [38;5;28;01mfrom[39;00m [38;5;21;01m.[39;00m [38;5;28;01mimport[39;00m _fitpack_py
[1;32m     15[0m [38;5;28;01mfrom[39;00m [38;5;21;01m.[39;00m [38;5;28;01mimport[39;00m dfitpack
[1;32m     16[0m [38;5;28;01mfrom[39;00m [38;5;21;01m.[39;00m[38;5;21;01m_polyint[39;00m [38;5;28;01mimport[39;00m _Interpolator1D

File [0;32m~/anaconda3/envs/book/lib/python3.9/site-packages/scipy/interpolate/_fitpack_py.py:8[0m
[1;32m      5[0m [38;5;28;01mimport[39;00m [38;5;21;01mnumpy[39;00m [38;5;28;01mas[39;00m [38;5;21;01mnp[39;00m
[1;32m      7[0m [38;5;66;03m# These are in the API for fitpack even if not used in fitpack.py itself.[39;00m
[0;32m----> 8[0m [38;5;28;01mfrom[39;00m [38;5;21;01m.[39;00m[38;5;21;01m_fitpack_impl[39;00m [38;5;28;01mimport[39;00m bisplrep, bisplev, dblint  [38;5;66;03m# noqa: F401[39;00m
[1;32m      9[0m [38;5;28;01mfrom[39;00m [38;5;21;01m.[39;00m [38;5;28;01mimport[39;00m _fitpack_impl [38;5;28;01mas[39;00m _impl
[1;32m     10[0m [38;5;28;01mfrom[39;00m [38;5;21;01m.[39;00m[38;5;21;01m_bsplines[39;00m [38;5;28;01mimport[39;00m BSpline

File [0;32m~/anaconda3/envs/book/lib/python3.9/site-packages/scipy/interpolate/_fitpack_impl.py:103[0m
[1;32m     52[0m _iermess [38;5;241m=[39m {
[1;32m     53[0m     [38;5;241m0[39m: [[38;5;124m"[39m[38;5;124mThe spline has a residual sum of squares fp such that [39m[38;5;124m"[39m
[1;32m     54[0m         [38;5;124m"[39m[38;5;124mabs(fp-s)/s<=0.001[39m[38;5;124m"[39m, [38;5;28;01mNone[39;00m],
[0;32m   (...)[0m
[1;32m     68[0m     [38;5;124m'[39m[38;5;124munknown[39m[38;5;124m'[39m: [[38;5;124m"[39m[38;5;124mAn error occurred[39m[38;5;124m"[39m, [38;5;167;01mTypeError[39;00m]
[1;32m     69[0m }
[1;32m     71[0m _iermess2 [38;5;241m=[39m {
[1;32m     72[0m     [38;5;241m0[39m: [[38;5;124m"[39m[38;5;124mThe spline has a residual sum of squares fp such that [39m[38;5;124m"[39m
[1;32m     73[0m         [38;5;124m"[39m[38;5;124mabs(fp-s)/s<=0.001[39m[38;5;124m"[39m, [38;5;28;01mNone[39;00m],
[0;32m   (...)[0m
[1;32m     99[0m     [38;5;124m'[39m[38;5;124munknown[39m[38;5;124m'[39m: [[38;5;124m"[39m[38;5;124mAn error occurred[39m[38;5;124m"[39m, [38;5;167;01mTypeError[39;00m]
[1;32m    100[0m }
[1;32m    102[0m _parcur_cache [38;5;241m=[39m {[38;5;124m'[39m[38;5;124mt[39m[38;5;124m'[39m: array([], [38;5;28mfloat[39m), [38;5;124m'[39m[38;5;124mwrk[39m[38;5;124m'[39m: array([], [38;5;28mfloat[39m),
[0;32m--> 103[0m                  [38;5;124m'[39m[38;5;124miwrk[39m[38;5;124m'[39m: [43marray[49m[43m([49m[43m[[49m[43m][49m[43m,[49m[43m [49m[43mdfitpack_int[49m[43m)[49m, [38;5;124m'[39m[38;5;124mu[39m[38;5;124m'[39m: array([], [38;5;28mfloat[39m),
[1;32m    104[0m                  [38;5;124m'[39m[38;5;124mub[39m[38;5;124m'[39m: [38;5;241m0[39m, [38;5;124m'[39m[38;5;124mue[39m[38;5;124m'[39m: [38;5;241m1[39m}
[1;32m    107[0m [38;5;28;01mdef[39;00m [38;5;21msplprep[39m(x, w[38;5;241m=[39m[38;5;28;01mNone[39;00m, u[38;5;241m=[39m[38;5;28;01mNone[39;00m, ub[38;5;241m=[39m[38;5;28;01mNone[39;00m, ue[38;5;241m=[39m[38;5;28;01mNone[39;00m, k[38;5;241m=[39m[38;5;241m3[39m, task[38;5;241m=[39m[38;5;241m0[39m, s[38;5;241m=[39m[38;5;28;01mNone[39;00m, t[38;5;241m=[39m[38;5;28;01mNone[39;00m,
[1;32m    108[0m             full_output[38;5;241m=[39m[38;5;241m0[39m, nest[38;5;241m=[39m[38;5;28;01mNone[39;00m, per[38;5;241m=[39m[38;5;241m0[39m, quiet[38;5;241m=[39m[38;5;241m1[39m):
[1;32m    109[0m     [38;5;66;03m# see the docstring of `_fitpack_py/splprep`[39;00m
[1;32m    110[0m     [38;5;28;01mif[39;00m task [38;5;241m<[39m[38;5;241m=[39m [38;5;241m0[39m:

[0;31mTypeError[0m: 

